This is pdfTeX, Version 3.141592653-2.6-1.40.27 (MiKTeX 25.4) (preloaded format=pdflatex 2025.6.11)  28 AUG 2025 00:54
entering extended mode
 restricted \write18 enabled.
 %&-line parsing enabled.
**./main.tex
(main.tex
LaTeX2e <2025-06-01>
L3 programming layer <2025-05-26>
(C:\Users\ritab\AppData\Local\Programs\MiKTeX\tex/latex/base\article.cls
Document Class: article 2025/01/22 v1.4n Standard LaTeX document class
(C:\Users\ritab\AppData\Local\Programs\MiKTeX\tex/latex/base\size11.clo
File: size11.clo 2025/01/22 v1.4n Standard LaTeX file (size option)
)
\c@part=\count275
\c@section=\count276
\c@subsection=\count277
\c@subsubsection=\count278
\c@paragraph=\count279
\c@subparagraph=\count280
\c@figure=\count281
\c@table=\count282
\abovecaptionskip=\skip49
\belowcaptionskip=\skip50
\bibindent=\dimen148
)
(C:\Users\ritab\AppData\Local\Programs\MiKTeX\tex/latex/amsfonts\amssymb.sty
Package: amssymb 2013/01/14 v3.01 AMS font symbols

(C:\Users\ritab\AppData\Local\Programs\MiKTeX\tex/latex/amsfonts\amsfonts.sty
Package: amsfonts 2013/01/14 v3.01 Basic AMSFonts support
\@emptytoks=\toks17
\symAMSa=\mathgroup4
\symAMSb=\mathgroup5
LaTeX Font Info:    Redeclaring math symbol \hbar on input line 98.
LaTeX Font Info:    Overwriting math alphabet `\mathfrak' in version `bold'
(Font)                  U/euf/m/n --> U/euf/b/n on input line 106.
)) (C:\Users\ritab\AppData\Local\Programs\MiKTeX\tex/latex/enumitem\enumitem.st
y
Package: enumitem 2025/02/06 v3.11 Customized lists
\enitkv@toks@=\toks18
\labelindent=\skip51
\enit@outerparindent=\dimen149
\enit@toks=\toks19
\enit@inbox=\box53
\enit@count@id=\count283
\enitdp@description=\count284
) (C:\Users\ritab\AppData\Local\Programs\MiKTeX\tex/latex/amsmath\amsmath.sty
Package: amsmath 2025/05/18 v2.17x AMS math features
\@mathmargin=\skip52

For additional information on amsmath, use the `?' option.
(C:\Users\ritab\AppData\Local\Programs\MiKTeX\tex/latex/amsmath\amstext.sty
Package: amstext 2024/11/17 v2.01 AMS text

(C:\Users\ritab\AppData\Local\Programs\MiKTeX\tex/latex/amsmath\amsgen.sty
File: amsgen.sty 1999/11/30 v2.0 generic functions
\@emptytoks=\toks20
\ex@=\dimen150
))
(C:\Users\ritab\AppData\Local\Programs\MiKTeX\tex/latex/amsmath\amsbsy.sty
Package: amsbsy 1999/11/29 v1.2d Bold Symbols
\pmbraise@=\dimen151
)
(C:\Users\ritab\AppData\Local\Programs\MiKTeX\tex/latex/amsmath\amsopn.sty
Package: amsopn 2022/04/08 v2.04 operator names
)
\inf@bad=\count285
LaTeX Info: Redefining \frac on input line 233.
\uproot@=\count286
\leftroot@=\count287
LaTeX Info: Redefining \overline on input line 398.
LaTeX Info: Redefining \colon on input line 409.
\classnum@=\count288
\DOTSCASE@=\count289
LaTeX Info: Redefining \ldots on input line 495.
LaTeX Info: Redefining \dots on input line 498.
LaTeX Info: Redefining \cdots on input line 619.
\Mathstrutbox@=\box54
\strutbox@=\box55
LaTeX Info: Redefining \big on input line 721.
LaTeX Info: Redefining \Big on input line 722.
LaTeX Info: Redefining \bigg on input line 723.
LaTeX Info: Redefining \Bigg on input line 724.
\big@size=\dimen152
LaTeX Font Info:    Redeclaring font encoding OML on input line 742.
LaTeX Font Info:    Redeclaring font encoding OMS on input line 743.
\macc@depth=\count290
LaTeX Info: Redefining \bmod on input line 904.
LaTeX Info: Redefining \pmod on input line 909.
LaTeX Info: Redefining \smash on input line 939.
LaTeX Info: Redefining \relbar on input line 969.
LaTeX Info: Redefining \Relbar on input line 970.
\c@MaxMatrixCols=\count291
\dotsspace@=\muskip17
\c@parentequation=\count292
\dspbrk@lvl=\count293
\tag@help=\toks21
\row@=\count294
\column@=\count295
\maxfields@=\count296
\andhelp@=\toks22
\eqnshift@=\dimen153
\alignsep@=\dimen154
\tagshift@=\dimen155
\tagwidth@=\dimen156
\totwidth@=\dimen157
\lineht@=\dimen158
\@envbody=\toks23
\multlinegap=\skip53
\multlinetaggap=\skip54
\mathdisplay@stack=\toks24
LaTeX Info: Redefining \[ on input line 2949.
LaTeX Info: Redefining \] on input line 2950.
)
(C:\Users\ritab\AppData\Local\Programs\MiKTeX\tex/latex/tfrupee\tfrupee.sty
Package: tfrupee 2010/12/15 LaTeX Support for the TechFat Rupee symbols by Tech
Fat (http://techfat.blogspot.com/2010/07/new-open-source-india-rupee-font.html)
. Adapted for use with TeX by Palle Jorgensen, hamselv(a)pallej.dk
)
(C:\Users\ritab\AppData\Local\Programs\MiKTeX\tex/latex/pgfplots\pgfplots.sty
(C:\Users\ritab\AppData\Local\Programs\MiKTeX\tex/generic/pgfplots\pgfplots.rev
ision.tex)
Package: pgfplots 2021/05/15 v1.18.1 Data Visualization (1.18.1)

(C:\Users\ritab\AppData\Local\Programs\MiKTeX\tex/latex/graphics\graphicx.sty
Package: graphicx 2024/12/31 v1.2e Enhanced LaTeX Graphics (DPC,SPQR)

(C:\Users\ritab\AppData\Local\Programs\MiKTeX\tex/latex/graphics\keyval.sty
Package: keyval 2022/05/29 v1.15 key=value parser (DPC)
\KV@toks@=\toks25
)
(C:\Users\ritab\AppData\Local\Programs\MiKTeX\tex/latex/graphics\graphics.sty
Package: graphics 2024/08/06 v1.4g Standard LaTeX Graphics (DPC,SPQR)

(C:\Users\ritab\AppData\Local\Programs\MiKTeX\tex/latex/graphics\trig.sty
Package: trig 2023/12/02 v1.11 sin cos tan (DPC)
)
(C:\Users\ritab\AppData\Local\Programs\MiKTeX\tex/latex/graphics-cfg\graphics.c
fg
File: graphics.cfg 2016/06/04 v1.11 sample graphics configuration
)
Package graphics Info: Driver file: pdftex.def on input line 106.

(C:\Users\ritab\AppData\Local\Programs\MiKTeX\tex/latex/graphics-def\pdftex.def
File: pdftex.def 2024/04/13 v1.2c Graphics/color driver for pdftex
))
\Gin@req@height=\dimen159
\Gin@req@width=\dimen160
)
(C:\Users\ritab\AppData\Local\Programs\MiKTeX\tex/latex/pgf/frontendlayer\tikz.
sty
(C:\Users\ritab\AppData\Local\Programs\MiKTeX\tex/latex/pgf/basiclayer\pgf.sty
(C:\Users\ritab\AppData\Local\Programs\MiKTeX\tex/latex/pgf/utilities\pgfrcs.st
y
(C:\Users\ritab\AppData\Local\Programs\MiKTeX\tex/generic/pgf/utilities\pgfutil
-common.tex
\pgfutil@everybye=\toks26
\pgfutil@tempdima=\dimen161
\pgfutil@tempdimb=\dimen162
)
(C:\Users\ritab\AppData\Local\Programs\MiKTeX\tex/generic/pgf/utilities\pgfutil
-latex.def
\pgfutil@abb=\box56
)
(C:\Users\ritab\AppData\Local\Programs\MiKTeX\tex/generic/pgf/utilities\pgfrcs.
code.tex
(C:\Users\ritab\AppData\Local\Programs\MiKTeX\tex/generic/pgf\pgf.revision.tex)
Package: pgfrcs 2023-01-15 v3.1.10 (3.1.10)
))
Package: pgf 2023-01-15 v3.1.10 (3.1.10)

(C:\Users\ritab\AppData\Local\Programs\MiKTeX\tex/latex/pgf/basiclayer\pgfcore.
sty
(C:\Users\ritab\AppData\Local\Programs\MiKTeX\tex/latex/pgf/systemlayer\pgfsys.
sty
(C:\Users\ritab\AppData\Local\Programs\MiKTeX\tex/generic/pgf/systemlayer\pgfsy
s.code.tex
Package: pgfsys 2023-01-15 v3.1.10 (3.1.10)

(C:\Users\ritab\AppData\Local\Programs\MiKTeX\tex/generic/pgf/utilities\pgfkeys
.code.tex
\pgfkeys@pathtoks=\toks27
\pgfkeys@temptoks=\toks28

(C:\Users\ritab\AppData\Local\Programs\MiKTeX\tex/generic/pgf/utilities\pgfkeys
libraryfiltered.code.tex
\pgfkeys@tmptoks=\toks29
))
\pgf@x=\dimen163
\pgf@y=\dimen164
\pgf@xa=\dimen165
\pgf@ya=\dimen166
\pgf@xb=\dimen167
\pgf@yb=\dimen168
\pgf@xc=\dimen169
\pgf@yc=\dimen170
\pgf@xd=\dimen171
\pgf@yd=\dimen172
\w@pgf@writea=\write3
\r@pgf@reada=\read2
\c@pgf@counta=\count297
\c@pgf@countb=\count298
\c@pgf@countc=\count299
\c@pgf@countd=\count300
\t@pgf@toka=\toks30
\t@pgf@tokb=\toks31
\t@pgf@tokc=\toks32
\pgf@sys@id@count=\count301

(C:\Users\ritab\AppData\Local\Programs\MiKTeX\tex/generic/pgf/systemlayer\pgf.c
fg
File: pgf.cfg 2023-01-15 v3.1.10 (3.1.10)
)
Driver file for pgf: pgfsys-pdftex.def

(C:\Users\ritab\AppData\Local\Programs\MiKTeX\tex/generic/pgf/systemlayer\pgfsy
s-pdftex.def
File: pgfsys-pdftex.def 2023-01-15 v3.1.10 (3.1.10)

(C:\Users\ritab\AppData\Local\Programs\MiKTeX\tex/generic/pgf/systemlayer\pgfsy
s-common-pdf.def
File: pgfsys-common-pdf.def 2023-01-15 v3.1.10 (3.1.10)
)))
(C:\Users\ritab\AppData\Local\Programs\MiKTeX\tex/generic/pgf/systemlayer\pgfsy
ssoftpath.code.tex
File: pgfsyssoftpath.code.tex 2023-01-15 v3.1.10 (3.1.10)
\pgfsyssoftpath@smallbuffer@items=\count302
\pgfsyssoftpath@bigbuffer@items=\count303
)
(C:\Users\ritab\AppData\Local\Programs\MiKTeX\tex/generic/pgf/systemlayer\pgfsy
sprotocol.code.tex
File: pgfsysprotocol.code.tex 2023-01-15 v3.1.10 (3.1.10)
))
(C:\Users\ritab\AppData\Local\Programs\MiKTeX\tex/latex/xcolor\xcolor.sty
Package: xcolor 2024/09/29 v3.02 LaTeX color extensions (UK)

(C:\Users\ritab\AppData\Local\Programs\MiKTeX\tex/latex/graphics-cfg\color.cfg
File: color.cfg 2016/01/02 v1.6 sample color configuration
)
Package xcolor Info: Driver file: pdftex.def on input line 274.
(C:\Users\ritab\AppData\Local\Programs\MiKTeX\tex/latex/graphics\mathcolor.ltx)
Package xcolor Info: Model `cmy' substituted by `cmy0' on input line 1349.
Package xcolor Info: Model `hsb' substituted by `rgb' on input line 1353.
Package xcolor Info: Model `RGB' extended on input line 1365.
Package xcolor Info: Model `HTML' substituted by `rgb' on input line 1367.
Package xcolor Info: Model `Hsb' substituted by `hsb' on input line 1368.
Package xcolor Info: Model `tHsb' substituted by `hsb' on input line 1369.
Package xcolor Info: Model `HSB' substituted by `hsb' on input line 1370.
Package xcolor Info: Model `Gray' substituted by `gray' on input line 1371.
Package xcolor Info: Model `wave' substituted by `hsb' on input line 1372.
)
(C:\Users\ritab\AppData\Local\Programs\MiKTeX\tex/generic/pgf/basiclayer\pgfcor
e.code.tex
Package: pgfcore 2023-01-15 v3.1.10 (3.1.10)

(C:\Users\ritab\AppData\Local\Programs\MiKTeX\tex/generic/pgf/math\pgfmath.code
.tex
(C:\Users\ritab\AppData\Local\Programs\MiKTeX\tex/generic/pgf/math\pgfmathutil.
code.tex)
(C:\Users\ritab\AppData\Local\Programs\MiKTeX\tex/generic/pgf/math\pgfmathparse
r.code.tex
\pgfmath@dimen=\dimen173
\pgfmath@count=\count304
\pgfmath@box=\box57
\pgfmath@toks=\toks33
\pgfmath@stack@operand=\toks34
\pgfmath@stack@operation=\toks35
)
(C:\Users\ritab\AppData\Local\Programs\MiKTeX\tex/generic/pgf/math\pgfmathfunct
ions.code.tex)
(C:\Users\ritab\AppData\Local\Programs\MiKTeX\tex/generic/pgf/math\pgfmathfunct
ions.basic.code.tex)
(C:\Users\ritab\AppData\Local\Programs\MiKTeX\tex/generic/pgf/math\pgfmathfunct
ions.trigonometric.code.tex)
(C:\Users\ritab\AppData\Local\Programs\MiKTeX\tex/generic/pgf/math\pgfmathfunct
ions.random.code.tex)
(C:\Users\ritab\AppData\Local\Programs\MiKTeX\tex/generic/pgf/math\pgfmathfunct
ions.comparison.code.tex)
(C:\Users\ritab\AppData\Local\Programs\MiKTeX\tex/generic/pgf/math\pgfmathfunct
ions.base.code.tex)
(C:\Users\ritab\AppData\Local\Programs\MiKTeX\tex/generic/pgf/math\pgfmathfunct
ions.round.code.tex)
(C:\Users\ritab\AppData\Local\Programs\MiKTeX\tex/generic/pgf/math\pgfmathfunct
ions.misc.code.tex)
(C:\Users\ritab\AppData\Local\Programs\MiKTeX\tex/generic/pgf/math\pgfmathfunct
ions.integerarithmetics.code.tex)
(C:\Users\ritab\AppData\Local\Programs\MiKTeX\tex/generic/pgf/math\pgfmathcalc.
code.tex)
(C:\Users\ritab\AppData\Local\Programs\MiKTeX\tex/generic/pgf/math\pgfmathfloat
.code.tex
\c@pgfmathroundto@lastzeros=\count305
))
(C:\Users\ritab\AppData\Local\Programs\MiKTeX\tex/generic/pgf/math\pgfint.code.
tex)
(C:\Users\ritab\AppData\Local\Programs\MiKTeX\tex/generic/pgf/basiclayer\pgfcor
epoints.code.tex
File: pgfcorepoints.code.tex 2023-01-15 v3.1.10 (3.1.10)
\pgf@picminx=\dimen174
\pgf@picmaxx=\dimen175
\pgf@picminy=\dimen176
\pgf@picmaxy=\dimen177
\pgf@pathminx=\dimen178
\pgf@pathmaxx=\dimen179
\pgf@pathminy=\dimen180
\pgf@pathmaxy=\dimen181
\pgf@xx=\dimen182
\pgf@xy=\dimen183
\pgf@yx=\dimen184
\pgf@yy=\dimen185
\pgf@zx=\dimen186
\pgf@zy=\dimen187
)
(C:\Users\ritab\AppData\Local\Programs\MiKTeX\tex/generic/pgf/basiclayer\pgfcor
epathconstruct.code.tex
File: pgfcorepathconstruct.code.tex 2023-01-15 v3.1.10 (3.1.10)
\pgf@path@lastx=\dimen188
\pgf@path@lasty=\dimen189
)
(C:\Users\ritab\AppData\Local\Programs\MiKTeX\tex/generic/pgf/basiclayer\pgfcor
epathusage.code.tex
File: pgfcorepathusage.code.tex 2023-01-15 v3.1.10 (3.1.10)
\pgf@shorten@end@additional=\dimen190
\pgf@shorten@start@additional=\dimen191
)
(C:\Users\ritab\AppData\Local\Programs\MiKTeX\tex/generic/pgf/basiclayer\pgfcor
escopes.code.tex
File: pgfcorescopes.code.tex 2023-01-15 v3.1.10 (3.1.10)
\pgfpic=\box58
\pgf@hbox=\box59
\pgf@layerbox@main=\box60
\pgf@picture@serial@count=\count306
)
(C:\Users\ritab\AppData\Local\Programs\MiKTeX\tex/generic/pgf/basiclayer\pgfcor
egraphicstate.code.tex
File: pgfcoregraphicstate.code.tex 2023-01-15 v3.1.10 (3.1.10)
\pgflinewidth=\dimen192
)
(C:\Users\ritab\AppData\Local\Programs\MiKTeX\tex/generic/pgf/basiclayer\pgfcor
etransformations.code.tex
File: pgfcoretransformations.code.tex 2023-01-15 v3.1.10 (3.1.10)
\pgf@pt@x=\dimen193
\pgf@pt@y=\dimen194
\pgf@pt@temp=\dimen195
)
(C:\Users\ritab\AppData\Local\Programs\MiKTeX\tex/generic/pgf/basiclayer\pgfcor
equick.code.tex
File: pgfcorequick.code.tex 2023-01-15 v3.1.10 (3.1.10)
)
(C:\Users\ritab\AppData\Local\Programs\MiKTeX\tex/generic/pgf/basiclayer\pgfcor
eobjects.code.tex
File: pgfcoreobjects.code.tex 2023-01-15 v3.1.10 (3.1.10)
)
(C:\Users\ritab\AppData\Local\Programs\MiKTeX\tex/generic/pgf/basiclayer\pgfcor
epathprocessing.code.tex
File: pgfcorepathprocessing.code.tex 2023-01-15 v3.1.10 (3.1.10)
)
(C:\Users\ritab\AppData\Local\Programs\MiKTeX\tex/generic/pgf/basiclayer\pgfcor
earrows.code.tex
File: pgfcorearrows.code.tex 2023-01-15 v3.1.10 (3.1.10)
\pgfarrowsep=\dimen196
)
(C:\Users\ritab\AppData\Local\Programs\MiKTeX\tex/generic/pgf/basiclayer\pgfcor
eshade.code.tex
File: pgfcoreshade.code.tex 2023-01-15 v3.1.10 (3.1.10)
\pgf@max=\dimen197
\pgf@sys@shading@range@num=\count307
\pgf@shadingcount=\count308
)
(C:\Users\ritab\AppData\Local\Programs\MiKTeX\tex/generic/pgf/basiclayer\pgfcor
eimage.code.tex
File: pgfcoreimage.code.tex 2023-01-15 v3.1.10 (3.1.10)
)
(C:\Users\ritab\AppData\Local\Programs\MiKTeX\tex/generic/pgf/basiclayer\pgfcor
eexternal.code.tex
File: pgfcoreexternal.code.tex 2023-01-15 v3.1.10 (3.1.10)
\pgfexternal@startupbox=\box61
)
(C:\Users\ritab\AppData\Local\Programs\MiKTeX\tex/generic/pgf/basiclayer\pgfcor
elayers.code.tex
File: pgfcorelayers.code.tex 2023-01-15 v3.1.10 (3.1.10)
)
(C:\Users\ritab\AppData\Local\Programs\MiKTeX\tex/generic/pgf/basiclayer\pgfcor
etransparency.code.tex
File: pgfcoretransparency.code.tex 2023-01-15 v3.1.10 (3.1.10)
)
(C:\Users\ritab\AppData\Local\Programs\MiKTeX\tex/generic/pgf/basiclayer\pgfcor
epatterns.code.tex
File: pgfcorepatterns.code.tex 2023-01-15 v3.1.10 (3.1.10)
)
(C:\Users\ritab\AppData\Local\Programs\MiKTeX\tex/generic/pgf/basiclayer\pgfcor
erdf.code.tex
File: pgfcorerdf.code.tex 2023-01-15 v3.1.10 (3.1.10)
)))
(C:\Users\ritab\AppData\Local\Programs\MiKTeX\tex/generic/pgf/modules\pgfmodule
shapes.code.tex
File: pgfmoduleshapes.code.tex 2023-01-15 v3.1.10 (3.1.10)
\pgfnodeparttextbox=\box62
)
(C:\Users\ritab\AppData\Local\Programs\MiKTeX\tex/generic/pgf/modules\pgfmodule
plot.code.tex
File: pgfmoduleplot.code.tex 2023-01-15 v3.1.10 (3.1.10)
)
(C:\Users\ritab\AppData\Local\Programs\MiKTeX\tex/latex/pgf/compatibility\pgfco
mp-version-0-65.sty
Package: pgfcomp-version-0-65 2023-01-15 v3.1.10 (3.1.10)
\pgf@nodesepstart=\dimen198
\pgf@nodesepend=\dimen199
)
(C:\Users\ritab\AppData\Local\Programs\MiKTeX\tex/latex/pgf/compatibility\pgfco
mp-version-1-18.sty
Package: pgfcomp-version-1-18 2023-01-15 v3.1.10 (3.1.10)
))
(C:\Users\ritab\AppData\Local\Programs\MiKTeX\tex/latex/pgf/utilities\pgffor.st
y
(C:\Users\ritab\AppData\Local\Programs\MiKTeX\tex/latex/pgf/utilities\pgfkeys.s
ty
(C:\Users\ritab\AppData\Local\Programs\MiKTeX\tex/generic/pgf/utilities\pgfkeys
.code.tex))
(C:\Users\ritab\AppData\Local\Programs\MiKTeX\tex/latex/pgf/math\pgfmath.sty
(C:\Users\ritab\AppData\Local\Programs\MiKTeX\tex/generic/pgf/math\pgfmath.code
.tex))
(C:\Users\ritab\AppData\Local\Programs\MiKTeX\tex/generic/pgf/utilities\pgffor.
code.tex
Package: pgffor 2023-01-15 v3.1.10 (3.1.10)
\pgffor@iter=\dimen256
\pgffor@skip=\dimen257
\pgffor@stack=\toks36
\pgffor@toks=\toks37
))
(C:\Users\ritab\AppData\Local\Programs\MiKTeX\tex/generic/pgf/frontendlayer/tik
z\tikz.code.tex
Package: tikz 2023-01-15 v3.1.10 (3.1.10)

(C:\Users\ritab\AppData\Local\Programs\MiKTeX\tex/generic/pgf/libraries\pgflibr
aryplothandlers.code.tex
File: pgflibraryplothandlers.code.tex 2023-01-15 v3.1.10 (3.1.10)
\pgf@plot@mark@count=\count309
\pgfplotmarksize=\dimen258
)
\tikz@lastx=\dimen259
\tikz@lasty=\dimen260
\tikz@lastxsaved=\dimen261
\tikz@lastysaved=\dimen262
\tikz@lastmovetox=\dimen263
\tikz@lastmovetoy=\dimen264
\tikzleveldistance=\dimen265
\tikzsiblingdistance=\dimen266
\tikz@figbox=\box63
\tikz@figbox@bg=\box64
\tikz@tempbox=\box65
\tikz@tempbox@bg=\box66
\tikztreelevel=\count310
\tikznumberofchildren=\count311
\tikznumberofcurrentchild=\count312
\tikz@fig@count=\count313

(C:\Users\ritab\AppData\Local\Programs\MiKTeX\tex/generic/pgf/modules\pgfmodule
matrix.code.tex
File: pgfmodulematrix.code.tex 2023-01-15 v3.1.10 (3.1.10)
\pgfmatrixcurrentrow=\count314
\pgfmatrixcurrentcolumn=\count315
\pgf@matrix@numberofcolumns=\count316
)
\tikz@expandcount=\count317

(C:\Users\ritab\AppData\Local\Programs\MiKTeX\tex/generic/pgf/frontendlayer/tik
z/libraries\tikzlibrarytopaths.code.tex
File: tikzlibrarytopaths.code.tex 2023-01-15 v3.1.10 (3.1.10)
)))
(C:\Users\ritab\AppData\Local\Programs\MiKTeX\tex/generic/pgfplots\pgfplots.cod
e.tex
(C:\Users\ritab\AppData\Local\Programs\MiKTeX\tex/generic/pgfplots\pgfplotscore
.code.tex
\t@pgfplots@toka=\toks38
\t@pgfplots@tokb=\toks39
\t@pgfplots@tokc=\toks40
\pgfplots@tmpa=\dimen267
\c@pgfplots@coordindex=\count318
\c@pgfplots@scanlineindex=\count319

(C:\Users\ritab\AppData\Local\Programs\MiKTeX\tex/generic/pgfplots/sys\pgfplots
sysgeneric.code.tex))
(C:\Users\ritab\AppData\Local\Programs\MiKTeX\tex/generic/pgfplots/libs\pgfplot
slibrary.code.tex)
(C:\Users\ritab\AppData\Local\Programs\MiKTeX\tex/generic/pgfplots/oldpgfcompat
ib\pgfplotsoldpgfsupp_loader.code.tex
(C:\Users\ritab\AppData\Local\Programs\MiKTeX\tex/generic/pgf/libraries\pgflibr
aryfpu.code.tex)
Package pgfplots: loading complementary utilities for your pgf version...
\t@pgf@toka=\toks41
\t@pgf@tokb=\toks42
\t@pgf@tokc=\toks43

(C:\Users\ritab\AppData\Local\Programs\MiKTeX\tex/generic/pgfplots/oldpgfcompat
ib\pgfplotsoldpgfsupp_pgfutil-common-lists.tex))
(C:\Users\ritab\AppData\Local\Programs\MiKTeX\tex/generic/pgfplots/util\pgfplot
sutil.code.tex
(C:\Users\ritab\AppData\Local\Programs\MiKTeX\tex/generic/pgfplots/liststructur
e\pgfplotsliststructure.code.tex)
(C:\Users\ritab\AppData\Local\Programs\MiKTeX\tex/generic/pgfplots/liststructur
e\pgfplotsliststructureext.code.tex)
(C:\Users\ritab\AppData\Local\Programs\MiKTeX\tex/generic/pgfplots/liststructur
e\pgfplotsarray.code.tex
\c@pgfplotsarray@tmp=\count320
)
(C:\Users\ritab\AppData\Local\Programs\MiKTeX\tex/generic/pgfplots/liststructur
e\pgfplotsmatrix.code.tex)
(C:\Users\ritab\AppData\Local\Programs\MiKTeX\tex/generic/pgfplots/numtable\pgf
plotstableshared.code.tex
\c@pgfplotstable@counta=\count321
\t@pgfplotstable@a=\toks44
)
(C:\Users\ritab\AppData\Local\Programs\MiKTeX\tex/generic/pgfplots/liststructur
e\pgfplotsdeque.code.tex)
(C:\Users\ritab\AppData\Local\Programs\MiKTeX\tex/generic/pgfplots/util\pgfplot
sbinary.code.tex
(C:\Users\ritab\AppData\Local\Programs\MiKTeX\tex/generic/pgfplots/util\pgfplot
sbinary.data.code.tex))
(C:\Users\ritab\AppData\Local\Programs\MiKTeX\tex/generic/pgfplots/util\pgfplot
sutil.verb.code.tex)
(C:\Users\ritab\AppData\Local\Programs\MiKTeX\tex/generic/pgfplots/libs\pgflibr
arypgfplots.surfshading.code.tex
\c@pgfplotslibrarysurf@no=\count322

(C:\Users\ritab\AppData\Local\Programs\MiKTeX\tex/generic/pgfplots/sys\pgflibra
rypgfplots.surfshading.pgfsys-pdftex.def)))
(C:\Users\ritab\AppData\Local\Programs\MiKTeX\tex/generic/pgfplots/util\pgfplot
scolormap.code.tex
(C:\Users\ritab\AppData\Local\Programs\MiKTeX\tex/generic/pgfplots/util\pgfplot
scolor.code.tex))
(C:\Users\ritab\AppData\Local\Programs\MiKTeX\tex/generic/pgfplots\pgfplotsstac
kedplots.code.tex)
(C:\Users\ritab\AppData\Local\Programs\MiKTeX\tex/generic/pgfplots\pgfplotsplot
handlers.code.tex
(C:\Users\ritab\AppData\Local\Programs\MiKTeX\tex/generic/pgfplots\pgfplotsmesh
plothandler.code.tex
(C:\Users\ritab\AppData\Local\Programs\MiKTeX\tex/generic/pgfplots\pgfplotsmesh
plotimage.code.tex)))
(C:\Users\ritab\AppData\Local\Programs\MiKTeX\tex/generic/pgfplots\pgfplots.sca
ling.code.tex)
(C:\Users\ritab\AppData\Local\Programs\MiKTeX\tex/generic/pgfplots\pgfplotscoor
dprocessing.code.tex)
(C:\Users\ritab\AppData\Local\Programs\MiKTeX\tex/generic/pgfplots\pgfplots.err
orbars.code.tex)
(C:\Users\ritab\AppData\Local\Programs\MiKTeX\tex/generic/pgfplots\pgfplots.mar
kers.code.tex)
(C:\Users\ritab\AppData\Local\Programs\MiKTeX\tex/generic/pgfplots\pgfplotstick
s.code.tex)
(C:\Users\ritab\AppData\Local\Programs\MiKTeX\tex/generic/pgfplots\pgfplots.pat
hs.code.tex)
(C:\Users\ritab\AppData\Local\Programs\MiKTeX\tex/generic/pgf/frontendlayer/tik
z/libraries\tikzlibrarydecorations.code.tex
(C:\Users\ritab\AppData\Local\Programs\MiKTeX\tex/generic/pgf/modules\pgfmodule
decorations.code.tex
\pgfdecoratedcompleteddistance=\dimen268
\pgfdecoratedremainingdistance=\dimen269
\pgfdecoratedinputsegmentcompleteddistance=\dimen270
\pgfdecoratedinputsegmentremainingdistance=\dimen271
\pgf@decorate@distancetomove=\dimen272
\pgf@decorate@repeatstate=\count323
\pgfdecorationsegmentamplitude=\dimen273
\pgfdecorationsegmentlength=\dimen274
)
\tikz@lib@dec@box=\box67
)
(C:\Users\ritab\AppData\Local\Programs\MiKTeX\tex/generic/pgf/frontendlayer/tik
z/libraries\tikzlibrarydecorations.pathmorphing.code.tex
(C:\Users\ritab\AppData\Local\Programs\MiKTeX\tex/generic/pgf/libraries/decorat
ions\pgflibrarydecorations.pathmorphing.code.tex))
(C:\Users\ritab\AppData\Local\Programs\MiKTeX\tex/generic/pgf/frontendlayer/tik
z/libraries\tikzlibrarydecorations.pathreplacing.code.tex
(C:\Users\ritab\AppData\Local\Programs\MiKTeX\tex/generic/pgf/libraries/decorat
ions\pgflibrarydecorations.pathreplacing.code.tex))
(C:\Users\ritab\AppData\Local\Programs\MiKTeX\tex/generic/pgfplots/libs\tikzlib
rarypgfplots.contourlua.code.tex)
\pgfplots@numplots=\count324
\pgfplots@xmin@reg=\dimen275
\pgfplots@xmax@reg=\dimen276
\pgfplots@ymin@reg=\dimen277
\pgfplots@ymax@reg=\dimen278
\pgfplots@zmin@reg=\dimen279
\pgfplots@zmax@reg=\dimen280
)
(C:\Users\ritab\AppData\Local\Programs\MiKTeX\tex/generic/pgf/frontendlayer/tik
z/libraries\tikzlibraryplotmarks.code.tex
File: tikzlibraryplotmarks.code.tex 2023-01-15 v3.1.10 (3.1.10)

(C:\Users\ritab\AppData\Local\Programs\MiKTeX\tex/generic/pgf/libraries\pgflibr
aryplotmarks.code.tex
File: pgflibraryplotmarks.code.tex 2023-01-15 v3.1.10 (3.1.10)
)))
(C:\Users\ritab\AppData\Local\Programs\MiKTeX\tex/latex/multirow\multirow.sty
Package: multirow 2024/11/12 v2.9 Span multiple rows of a table
\multirow@colwidth=\skip55
\multirow@cntb=\count325
\multirow@dima=\skip56
\bigstrutjot=\dimen281
)
(C:\Users\ritab\AppData\Local\Programs\MiKTeX\tex/latex/fancyhdr\fancyhdr.sty
Package: fancyhdr 2025/02/07 v5.2 Extensive control of page headers and footers

\f@nch@headwidth=\skip57
\f@nch@offset@elh=\skip58
\f@nch@offset@erh=\skip59
\f@nch@offset@olh=\skip60
\f@nch@offset@orh=\skip61
\f@nch@offset@elf=\skip62
\f@nch@offset@erf=\skip63
\f@nch@offset@olf=\skip64
\f@nch@offset@orf=\skip65
\f@nch@height=\skip66
\f@nch@footalignment=\skip67
\f@nch@widthL=\skip68
\f@nch@widthC=\skip69
\f@nch@widthR=\skip70
\@temptokenb=\toks45
)
(C:\Users\ritab\AppData\Local\Programs\MiKTeX\tex/latex/lastpage\lastpage.sty
Package: lastpage 2025/06/06 v2.1g lastpage: 2.09 or 2e? (HMM)

(C:\Users\ritab\AppData\Local\Programs\MiKTeX\tex/latex/lastpage\lastpage2e.sty
Package: lastpage2e 2025/06/06 v2.1g Decide which 2e lastpage version to use (H
MM)

(C:\Users\ritab\AppData\Local\Programs\MiKTeX\tex/latex/lastpage\lastpagemodern
.sty
Package: lastpagemodern 2025-06-06 v2.1g Refers to last page's name (HMM; JPG)
\c@lastpagecount=\count326
) 
))
(C:\Users\ritab\AppData\Local\Programs\MiKTeX\tex/latex/adjustbox\adjustbox.sty
Package: adjustbox 2025/02/26 v1.3c Adjusting TeX boxes (trim, clip, ...)
(C:\Users\ritab\AppData\Local\Programs\MiKTeX\tex/latex/xkeyval\xkeyval.sty
Package: xkeyval 2022/06/16 v2.9 package option processing (HA)

(C:\Users\ritab\AppData\Local\Programs\MiKTeX\tex/generic/xkeyval\xkeyval.tex
(C:\Users\ritab\AppData\Local\Programs\MiKTeX\tex/generic/xkeyval\xkvutils.tex
\XKV@toks=\toks46
\XKV@tempa@toks=\toks47
)
\XKV@depth=\count327
File: xkeyval.tex 2014/12/03 v2.7a key=value parser (HA)
))
(C:\Users\ritab\AppData\Local\Programs\MiKTeX\tex/latex/adjustbox\adjcalc.sty
Package: adjcalc 2012/05/16 v1.1 Provides advanced setlength with multiple back
-ends (calc, etex, pgfmath)
)
(C:\Users\ritab\AppData\Local\Programs\MiKTeX\tex/latex/adjustbox\trimclip.sty
Package: trimclip 2025/02/21 v1.2a Trim and clip general TeX material

(C:\Users\ritab\AppData\Local\Programs\MiKTeX\tex/latex/collectbox\collectbox.s
ty
Package: collectbox 2022/10/17 v0.4c Collect macro arguments as boxes
\collectedbox=\box68
)
\tc@llx=\dimen282
\tc@lly=\dimen283
\tc@urx=\dimen284
\tc@ury=\dimen285
Package trimclip Info: Using driver 'tc-pdftex.def'.

(C:\Users\ritab\AppData\Local\Programs\MiKTeX\tex/latex/adjustbox\tc-pdftex.def
File: tc-pdftex.def 2025/02/26 v2.3 Clipping driver for pdftex
))
\adjbox@Width=\dimen286
\adjbox@Height=\dimen287
\adjbox@Depth=\dimen288
\adjbox@Totalheight=\dimen289
\adjbox@pwidth=\dimen290
\adjbox@pheight=\dimen291
\adjbox@pdepth=\dimen292
\adjbox@ptotalheight=\dimen293

(C:\Users\ritab\AppData\Local\Programs\MiKTeX\tex/latex/ifoddpage\ifoddpage.sty
Package: ifoddpage 2022/10/18 v1.2 Conditionals for odd/even page detection
\c@checkoddpage=\count328
) (C:\Users\ritab\AppData\Local\Programs\MiKTeX\tex/latex/varwidth\varwidth.sty
Package: varwidth 2009/03/30 ver 0.92;  Variable-width minipages
\@vwid@box=\box69
\sift@deathcycles=\count329
\@vwid@loff=\dimen294
\@vwid@roff=\dimen295
)
==> First Aid for varwidth.sty applied!
) (C:\Users\ritab\AppData\Local\Programs\MiKTeX\tex/latex/wrapfig\wrapfig.sty
\wrapoverhang=\dimen296
\WF@size=\dimen297
\c@WF@wrappedlines=\count330
\WF@box=\box70
\WF@everypar=\toks48
Package: wrapfig 2003/01/31  v 3.6
)
(C:\Users\ritab\AppData\Local\Programs\MiKTeX\tex/generic/babel\babel.sty
Package: babel 2025/05/14 v25.9 The multilingual framework for pdfLaTeX, LuaLaT
eX and XeLaTeX
\babel@savecnt=\count331
LaTeX Encoding Info:    Redeclaring text command \ij (encoding OT1) on input li
ne 2043.
LaTeX Encoding Info:    Redeclaring text command \IJ (encoding OT1) on input li
ne 2045.
LaTeX Encoding Info:    Redeclaring text command \ij (encoding T1) on input lin
e 2047.
LaTeX Encoding Info:    Redeclaring text command \IJ (encoding T1) on input lin
e 2048.
LaTeX Encoding Info:    Ignoring declaration for text command \ij (encoding ?) 
on input line 2049.
LaTeX Encoding Info:    Ignoring declaration for text command \IJ (encoding ?) 
on input line 2051.
LaTeX Encoding Info:    Ignoring declaration for text command \SS (encoding ?) 
on input line 2076.
\U@D=\dimen298
\l@unhyphenated=\language79

(C:\Users\ritab\AppData\Local\Programs\MiKTeX\tex/generic/babel\txtbabel.def)
\bbl@readstream=\read3
\bbl@dirlevel=\count332

*************************************
* Local config file bblopts.cfg used
*
(C:\Users\ritab\AppData\Local\Programs\MiKTeX\tex/latex/arabi\bblopts.cfg
File: bblopts.cfg 2005/09/08 v0.1 add Arabic and Farsi to "declared" options of
 babel
)
(C:\Users\ritab\AppData\Local\Programs\MiKTeX\tex/latex/babel-english\english.l
df
Language: english 2017/06/06 v3.3r English support from the babel system

(C:\Users\ritab\AppData\Local\Programs\MiKTeX\tex/generic/babel/locale/en\babel
-english.tex
Package babel Info: Importing font and identification data for english
(babel)             from babel-en.ini. Reported on input line 11.
)
Package babel Info: Hyphen rules for 'canadian' set to \l@english
(babel)             (\language0). Reported on input line 102.
Package babel Info: Hyphen rules for 'australian' set to \l@ukenglish
(babel)             (\language73). Reported on input line 105.
Package babel Info: Hyphen rules for 'newzealand' set to \l@ukenglish
(babel)             (\language73). Reported on input line 108.
))
(C:\Users\ritab\AppData\Local\Programs\MiKTeX\tex/latex/amscls\amsthm.sty
Package: amsthm 2020/05/29 v2.20.6
\thm@style=\toks49
\thm@bodyfont=\toks50
\thm@headfont=\toks51
\thm@notefont=\toks52
\thm@headpunct=\toks53
\thm@preskip=\skip71
\thm@postskip=\skip72
\thm@headsep=\skip73
\dth@everypar=\toks54
)
(C:\Users\ritab\AppData\Local\Programs\MiKTeX\tex/latex/lipsum\lipsum.sty
(C:\Users\ritab\AppData\Local\Programs\MiKTeX\tex/latex/l3packages/l3keys2e\l3k
eys2e.sty
(C:\Users\ritab\AppData\Local\Programs\MiKTeX\tex/latex/l3kernel\expl3.sty
Package: expl3 2025-05-26 L3 programming layer (loader) 

(C:\Users\ritab\AppData\Local\Programs\MiKTeX\tex/latex/l3backend\l3backend-pdf
tex.def
File: l3backend-pdftex.def 2025-04-14 L3 backend support: PDF output (pdfTeX)
\l__color_backend_stack_int=\count333
))
Package: l3keys2e 2024-08-16 LaTeX2e option processing using LaTeX3 keys
)
Package: lipsum 2021-09-20 v2.7 150 paragraphs of Lorem Ipsum dummy text
\g__lipsum_par_int=\count334
\l__lipsum_a_int=\count335
\l__lipsum_b_int=\count336

(C:\Users\ritab\AppData\Local\Programs\MiKTeX\tex/latex/lipsum\lipsum.ltd.tex))
(C:\Users\ritab\AppData\Local\Programs\MiKTeX\tex/latex/booktabs\booktabs.sty
Package: booktabs 2020/01/12 v1.61803398 Publication quality tables
\heavyrulewidth=\dimen299
\lightrulewidth=\dimen300
\cmidrulewidth=\dimen301
\belowrulesep=\dimen302
\belowbottomsep=\dimen303
\aboverulesep=\dimen304
\abovetopsep=\dimen305
\cmidrulesep=\dimen306
\cmidrulekern=\dimen307
\defaultaddspace=\dimen308
\@cmidla=\count337
\@cmidlb=\count338
\@aboverulesep=\dimen309
\@belowrulesep=\dimen310
\@thisruleclass=\count339
\@lastruleclass=\count340
\@thisrulewidth=\dimen311
)
(C:\Users\ritab\AppData\Local\Programs\MiKTeX\tex/latex/caption\subcaption.sty
Package: subcaption 2023/07/28 v1.6b Sub-captions (AR)

(C:\Users\ritab\AppData\Local\Programs\MiKTeX\tex/latex/caption\caption.sty
Package: caption 2023/08/05 v3.6o Customizing captions (AR)

(C:\Users\ritab\AppData\Local\Programs\MiKTeX\tex/latex/caption\caption3.sty
Package: caption3 2023/07/31 v2.4d caption3 kernel (AR)
\caption@tempdima=\dimen312
\captionmargin=\dimen313
\caption@leftmargin=\dimen314
\caption@rightmargin=\dimen315
\caption@width=\dimen316
\caption@indent=\dimen317
\caption@parindent=\dimen318
\caption@hangindent=\dimen319
Package caption Info: Standard document class detected.
)
\c@caption@flags=\count341
\c@continuedfloat=\count342
Package caption Info: wrapfig package is loaded.
)
Package caption Info: New subtype `subfigure' on input line 238.
\c@subfigure=\count343
Package caption Info: New subtype `subtable' on input line 238.
\c@subtable=\count344
) (C:\Users\ritab\AppData\Local\Programs\MiKTeX\tex/latex/float\float.sty
Package: float 2001/11/08 v1.3d Float enhancements (AL)
\c@float@type=\count345
\float@exts=\toks55
\float@box=\box71
\@float@everytoks=\toks56
\@floatcapt=\box72
)
(C:\Users\ritab\AppData\Local\Programs\MiKTeX\tex/latex/hyperref\hyperref.sty
Package: hyperref 2025-05-20 v7.01m Hypertext links for LaTeX

(C:\Users\ritab\AppData\Local\Programs\MiKTeX\tex/generic/iftex\iftex.sty
Package: iftex 2024/12/12 v1.0g TeX engine tests
)
(C:\Users\ritab\AppData\Local\Programs\MiKTeX\tex/latex/kvsetkeys\kvsetkeys.sty
Package: kvsetkeys 2022-10-05 v1.19 Key value parser (HO)
)
(C:\Users\ritab\AppData\Local\Programs\MiKTeX\tex/generic/kvdefinekeys\kvdefine
keys.sty
Package: kvdefinekeys 2019-12-19 v1.6 Define keys (HO)
)
(C:\Users\ritab\AppData\Local\Programs\MiKTeX\tex/generic/pdfescape\pdfescape.s
ty
Package: pdfescape 2019/12/09 v1.15 Implements pdfTeX's escape features (HO)

(C:\Users\ritab\AppData\Local\Programs\MiKTeX\tex/generic/ltxcmds\ltxcmds.sty
Package: ltxcmds 2023-12-04 v1.26 LaTeX kernel commands for general use (HO)
)
(C:\Users\ritab\AppData\Local\Programs\MiKTeX\tex/generic/pdftexcmds\pdftexcmds
.sty
Package: pdftexcmds 2020-06-27 v0.33 Utility functions of pdfTeX for LuaTeX (HO
)

(C:\Users\ritab\AppData\Local\Programs\MiKTeX\tex/generic/infwarerr\infwarerr.s
ty
Package: infwarerr 2019/12/03 v1.5 Providing info/warning/error messages (HO)
)
Package pdftexcmds Info: \pdf@primitive is available.
Package pdftexcmds Info: \pdf@ifprimitive is available.
Package pdftexcmds Info: \pdfdraftmode found.
))
(C:\Users\ritab\AppData\Local\Programs\MiKTeX\tex/latex/hycolor\hycolor.sty
Package: hycolor 2020-01-27 v1.10 Color options for hyperref/bookmark (HO)
)
(C:\Users\ritab\AppData\Local\Programs\MiKTeX\tex/latex/hyperref\nameref.sty
Package: nameref 2023-11-26 v2.56 Cross-referencing by name of section

(C:\Users\ritab\AppData\Local\Programs\MiKTeX\tex/latex/refcount\refcount.sty
Package: refcount 2019/12/15 v3.6 Data extraction from label references (HO)
)
(C:\Users\ritab\AppData\Local\Programs\MiKTeX\tex/generic/gettitlestring\gettit
lestring.sty
Package: gettitlestring 2019/12/15 v1.6 Cleanup title references (HO)

(C:\Users\ritab\AppData\Local\Programs\MiKTeX\tex/latex/kvoptions\kvoptions.sty
Package: kvoptions 2022-06-15 v3.15 Key value format for package options (HO)
))
\c@section@level=\count346
)
(C:\Users\ritab\AppData\Local\Programs\MiKTeX\tex/latex/etoolbox\etoolbox.sty
Package: etoolbox 2025/02/11 v2.5l e-TeX tools for LaTeX (JAW)
\etb@tempcnta=\count347
)
(C:\Users\ritab\AppData\Local\Programs\MiKTeX\tex/generic/stringenc\stringenc.s
ty
Package: stringenc 2019/11/29 v1.12 Convert strings between diff. encodings (HO
)
)
\@linkdim=\dimen320
\Hy@linkcounter=\count348
\Hy@pagecounter=\count349
 (C:\Users\ritab\AppData\Local\Programs\MiKTeX\tex/latex/hyperref\pd1enc.def
File: pd1enc.def 2025-05-20 v7.01m Hyperref: PDFDocEncoding definition (HO)
Now handling font encoding PD1 ...
... no UTF-8 mapping file for font encoding PD1
) (C:\Users\ritab\AppData\Local\Programs\MiKTeX\tex/generic/intcalc\intcalc.sty
Package: intcalc 2019/12/15 v1.3 Expandable calculations with integers (HO)
)
\Hy@SavedSpaceFactor=\count350
 (C:\Users\ritab\AppData\Local\Programs\MiKTeX\tex/latex/hyperref\puenc.def
File: puenc.def 2025-05-20 v7.01m Hyperref: PDF Unicode definition (HO)
Now handling font encoding PU ...
... no UTF-8 mapping file for font encoding PU
)
Package hyperref Info: Hyper figures OFF on input line 4157.
Package hyperref Info: Link nesting OFF on input line 4162.
Package hyperref Info: Hyper index ON on input line 4165.
Package hyperref Info: Plain pages OFF on input line 4172.
Package hyperref Info: Backreferencing OFF on input line 4177.
Package hyperref Info: Implicit mode ON; LaTeX internals redefined.
Package hyperref Info: Bookmarks ON on input line 4424.
\c@Hy@tempcnt=\count351

(C:\Users\ritab\AppData\Local\Programs\MiKTeX\tex/latex/url\url.sty
\Urlmuskip=\muskip18
Package: url 2013/09/16  ver 3.4  Verb mode for urls, etc.
)
LaTeX Info: Redefining \url on input line 4763.
\XeTeXLinkMargin=\dimen321

(C:\Users\ritab\AppData\Local\Programs\MiKTeX\tex/generic/bitset\bitset.sty
Package: bitset 2019/12/09 v1.3 Handle bit-vector datatype (HO)

(C:\Users\ritab\AppData\Local\Programs\MiKTeX\tex/generic/bigintcalc\bigintcalc
.sty
Package: bigintcalc 2019/12/15 v1.5 Expandable calculations on big integers (HO
)
))
\Fld@menulength=\count352
\Field@Width=\dimen322
\Fld@charsize=\dimen323
Package hyperref Info: Hyper figures OFF on input line 6042.
Package hyperref Info: Link nesting OFF on input line 6047.
Package hyperref Info: Hyper index ON on input line 6050.
Package hyperref Info: backreferencing OFF on input line 6057.
Package hyperref Info: Link coloring OFF on input line 6062.
Package hyperref Info: Link coloring with OCG OFF on input line 6067.
Package hyperref Info: PDF/A mode OFF on input line 6072.

(C:\Users\ritab\AppData\Local\Programs\MiKTeX\tex/latex/base\atbegshi-ltx.sty
Package: atbegshi-ltx 2021/01/10 v1.0c Emulation of the original atbegshi
package with kernel methods
)
\Hy@abspage=\count353
\c@Item=\count354
\c@Hfootnote=\count355
)
Package hyperref Info: Driver (autodetected): hpdftex.
(C:\Users\ritab\AppData\Local\Programs\MiKTeX\tex/latex/hyperref\hpdftex.def
File: hpdftex.def 2025-05-20 v7.01m Hyperref driver for pdfTeX
\Fld@listcount=\count356
\c@bookmark@seq@number=\count357

(C:\Users\ritab\AppData\Local\Programs\MiKTeX\tex/latex/rerunfilecheck\rerunfil
echeck.sty
Package: rerunfilecheck 2022-07-10 v1.10 Rerun checks for auxiliary files (HO)

(C:\Users\ritab\AppData\Local\Programs\MiKTeX\tex/latex/base\atveryend-ltx.sty
Package: atveryend-ltx 2020/08/19 v1.0a Emulation of the original atveryend pac
kage
with kernel methods
)
(C:\Users\ritab\AppData\Local\Programs\MiKTeX\tex/generic/uniquecounter\uniquec
ounter.sty
Package: uniquecounter 2019/12/15 v1.4 Provide unlimited unique counter (HO)
)
Package uniquecounter Info: New unique counter `rerunfilecheck' on input line 2
85.
)
\Hy@SectionHShift=\skip74
)

LaTeX Warning: Unused global option(s):
    [a4].

(main.aux)
\openout1 = `main.aux'.

LaTeX Font Info:    Checking defaults for OML/cmm/m/it on input line 31.
LaTeX Font Info:    ... okay on input line 31.
LaTeX Font Info:    Checking defaults for OMS/cmsy/m/n on input line 31.
LaTeX Font Info:    ... okay on input line 31.
LaTeX Font Info:    Checking defaults for OT1/cmr/m/n on input line 31.
LaTeX Font Info:    ... okay on input line 31.
LaTeX Font Info:    Checking defaults for T1/cmr/m/n on input line 31.
LaTeX Font Info:    ... okay on input line 31.
LaTeX Font Info:    Checking defaults for TS1/cmr/m/n on input line 31.
LaTeX Font Info:    ... okay on input line 31.
LaTeX Font Info:    Checking defaults for OMX/cmex/m/n on input line 31.
LaTeX Font Info:    ... okay on input line 31.
LaTeX Font Info:    Checking defaults for U/cmr/m/n on input line 31.
LaTeX Font Info:    ... okay on input line 31.
LaTeX Font Info:    Checking defaults for PD1/pdf/m/n on input line 31.
LaTeX Font Info:    ... okay on input line 31.
LaTeX Font Info:    Checking defaults for PU/pdf/m/n on input line 31.
LaTeX Font Info:    ... okay on input line 31.

(C:\Users\ritab\AppData\Local\Programs\MiKTeX\tex/context/base/mkii\supp-pdf.mk
ii
[Loading MPS to PDF converter (version 2006.09.02).]
\scratchcounter=\count358
\scratchdimen=\dimen324
\scratchbox=\box73
\nofMPsegments=\count359
\nofMParguments=\count360
\everyMPshowfont=\toks57
\MPscratchCnt=\count361
\MPscratchDim=\dimen325
\MPnumerator=\count362
\makeMPintoPDFobject=\count363
\everyMPtoPDFconversion=\toks58
)
(C:\Users\ritab\AppData\Local\Programs\MiKTeX\tex/latex/epstopdf-pkg\epstopdf-b
ase.sty
Package: epstopdf-base 2020-01-24 v2.11 Base part for package epstopdf
Package epstopdf-base Info: Redefining graphics rule for `.eps' on input line 4
85.

(C:\Users\ritab\AppData\Local\Programs\MiKTeX\tex/latex/00miktex\epstopdf-sys.c
fg
File: epstopdf-sys.cfg 2021/03/18 v2.0 Configuration of epstopdf for MiKTeX
))

Package pgfplots Warning: running in backwards compatibility mode (unsuitable t
ick labels; missing features). Consider writing \pgfplotsset{compat=1.18} into 
your preamble.
 on input line 31.

Package caption Info: Begin \AtBeginDocument code.
Package caption Info: float package is loaded.
Package caption Info: hyperref package is loaded.
Package caption Info: End \AtBeginDocument code.
Package hyperref Info: Link coloring OFF on input line 31.
(main.out) (main.out)
\@outlinefile=\write4
\openout4 = `main.out'.

LaTeX Font Info:    Trying to load font information for U+msa on input line 40.


(C:\Users\ritab\AppData\Local\Programs\MiKTeX\tex/latex/amsfonts\umsa.fd
File: umsa.fd 2013/01/14 v3.01 AMS symbols A
)
LaTeX Font Info:    Trying to load font information for U+msb on input line 40.


(C:\Users\ritab\AppData\Local\Programs\MiKTeX\tex/latex/amsfonts\umsb.fd
File: umsb.fd 2013/01/14 v3.01 AMS symbols B
)

[1

{C:/Users/ritab/AppData/Local/MiKTeX/fonts/map/pdftex/pdftex.map}]
Overfull \hbox (4.59544pt too wide) in paragraph at lines 50--57
\OT1/cmr/m/n/10.95 script in-vokes four func-tions: \OT1/cmtt/m/n/10.95 demos.m
\OT1/cmr/m/n/10.95 , \OT1/cmtt/m/n/10.95 white[]balance.m\OT1/cmr/m/n/10.95 , \
OT1/cmtt/m/n/10.95 tone[]map.m\OT1/cmr/m/n/10.95 , and \OT1/cmtt/m/n/10.95 deno
ising.m\OT1/cmr/m/n/10.95 .
 []

<../output/1_R-channel_linear.pdf, id=17, 509.905pt x 356.33125pt>
File: ../output/1_R-channel_linear.pdf Graphic file (type pdf)
<use ../output/1_R-channel_linear.pdf>
Package pdftex.def Info: ../output/1_R-channel_linear.pdf  used on input line 1
05.
(pdftex.def)             Requested size: 211.3883pt x 147.72246pt.
<../output/1_G-channel_linear.pdf, id=18, 482.80376pt x 344.28625pt>
File: ../output/1_G-channel_linear.pdf Graphic file (type pdf)
<use ../output/1_G-channel_linear.pdf>
Package pdftex.def Info: ../output/1_G-channel_linear.pdf  used on input line 1
05.
(pdftex.def)             Requested size: 211.3883pt x 150.74043pt.
<../output/1_B-channel_linear.pdf, id=19, 509.905pt x 351.3125pt>
File: ../output/1_B-channel_linear.pdf Graphic file (type pdf)
<use ../output/1_B-channel_linear.pdf>
Package pdftex.def Info: ../output/1_B-channel_linear.pdf  used on input line 1
05.
(pdftex.def)             Requested size: 211.3883pt x 145.64186pt.
<../output/1_RGB_linear.pdf, id=20, 513.92pt x 361.35pt>
File: ../output/1_RGB_linear.pdf Graphic file (type pdf)
<use ../output/1_RGB_linear.pdf>
Package pdftex.def Info: ../output/1_RGB_linear.pdf  used on input line 105.
(pdftex.def)             Requested size: 211.3883pt x 148.63416pt.

LaTeX Warning: `h' float specifier changed to `ht'.

<../output/1_R-channel_cubic.pdf, id=23, 511.9125pt x 358.33875pt>
File: ../output/1_R-channel_cubic.pdf Graphic file (type pdf)
<use ../output/1_R-channel_cubic.pdf>
Package pdftex.def Info: ../output/1_R-channel_cubic.pdf  used on input line 14
3.
(pdftex.def)             Requested size: 211.3883pt x 147.96965pt.
<../output/1_G-channel_cubic.pdf, id=24, 503.8825pt x 360.34625pt>
File: ../output/1_G-channel_cubic.pdf Graphic file (type pdf)
<use ../output/1_G-channel_cubic.pdf>
Package pdftex.def Info: ../output/1_G-channel_cubic.pdf  used on input line 14
3.
(pdftex.def)             Requested size: 211.3883pt x 151.17393pt.
<../output/1_B-channel_cubic.pdf, id=25, 512.91624pt x 356.33125pt>
File: ../output/1_B-channel_cubic.pdf Graphic file (type pdf)
<use ../output/1_B-channel_cubic.pdf>
Package pdftex.def Info: ../output/1_B-channel_cubic.pdf  used on input line 14
3.
(pdftex.def)             Requested size: 211.3883pt x 146.85251pt.
<../output/1_RGB_cubic.pdf, id=26, 479.7925pt x 362.35374pt>
File: ../output/1_RGB_cubic.pdf Graphic file (type pdf)
<use ../output/1_RGB_cubic.pdf>
Package pdftex.def Info: ../output/1_RGB_cubic.pdf  used on input line 143.
(pdftex.def)             Requested size: 211.3883pt x 159.64624pt.



Package fancyhdr Warning: \headheight is too small (12.0pt): 
(fancyhdr)                Make it at least 13.59999pt, for example:
(fancyhdr)                \setlength{\headheight}{13.59999pt}.
(fancyhdr)                You might also make \topmargin smaller:
(fancyhdr)                \addtolength{\topmargin}{-1.59999pt}.

[2]
Overfull \vbox (86.40915pt too high) has occurred while \output is active []




Package fancyhdr Warning: \headheight is too small (12.0pt): 
(fancyhdr)                Make it at least 13.59999pt, for example:
(fancyhdr)                \setlength{\headheight}{13.59999pt}.
(fancyhdr)                You might also make \topmargin smaller:
(fancyhdr)                \addtolength{\topmargin}{-1.59999pt}.

[3 <../output/1_R-channel_linear.pdf> <../output/1_G-channel_linear.pdf> <../ou
tput/1_B-channel_linear.pdf> <../output/1_RGB_linear.pdf> <../output/1_R-channe
l_cubic.pdf> <../output/1_G-channel_cubic.pdf> <../output/1_B-channel_cubic.pdf
> <../output/1_RGB_cubic.pdf>]
<../output/1_RGB_inbuild.pdf, id=153, 494.84875pt x 363.3575pt>
File: ../output/1_RGB_inbuild.pdf Graphic file (type pdf)
<use ../output/1_RGB_inbuild.pdf>
Package pdftex.def Info: ../output/1_RGB_inbuild.pdf  used on input line 155.
(pdftex.def)             Requested size: 234.87749pt x 172.46353pt.



Package fancyhdr Warning: \headheight is too small (12.0pt): 
(fancyhdr)                Make it at least 13.59999pt, for example:
(fancyhdr)                \setlength{\headheight}{13.59999pt}.
(fancyhdr)                You might also make \topmargin smaller:
(fancyhdr)                \addtolength{\topmargin}{-1.59999pt}.

[4 <../output/1_RGB_inbuild.pdf>]
<../output/2_R-channel_cubic.pdf, id=182, 513.92pt x 770.88pt>
File: ../output/2_R-channel_cubic.pdf Graphic file (type pdf)
<use ../output/2_R-channel_cubic.pdf>
Package pdftex.def Info: ../output/2_R-channel_cubic.pdf  used on input line 20
6.
(pdftex.def)             Requested size: 211.3883pt x 317.0862pt.
<../output/2_G-channel_cubic.pdf, id=183, 513.92pt x 770.88pt>
File: ../output/2_G-channel_cubic.pdf Graphic file (type pdf)
<use ../output/2_G-channel_cubic.pdf>
Package pdftex.def Info: ../output/2_G-channel_cubic.pdf  used on input line 20
6.
(pdftex.def)             Requested size: 211.3883pt x 317.0862pt.
<../output/2_B-channel_cubic.pdf, id=184, 513.92pt x 770.88pt>
File: ../output/2_B-channel_cubic.pdf Graphic file (type pdf)
<use ../output/2_B-channel_cubic.pdf>
Package pdftex.def Info: ../output/2_B-channel_cubic.pdf  used on input line 20
6.
(pdftex.def)             Requested size: 211.3883pt x 317.0862pt.
<../output/2_RGB_cubic.pdf, id=185, 513.92pt x 770.88pt>
File: ../output/2_RGB_cubic.pdf Graphic file (type pdf)
<use ../output/2_RGB_cubic.pdf>
Package pdftex.def Info: ../output/2_RGB_cubic.pdf  used on input line 206.
(pdftex.def)             Requested size: 211.3883pt x 317.0862pt.


LaTeX Warning: Float too large for page by 36.85901pt on input line 209.


LaTeX Warning: `h' float specifier changed to `ht'.

<../output/2_RGB_cubic_median.pdf, id=188, 513.92pt x 770.88pt>
File: ../output/2_RGB_cubic_median.pdf Graphic file (type pdf)
<use ../output/2_RGB_cubic_median.pdf>
Package pdftex.def Info: ../output/2_RGB_cubic_median.pdf  used on input line 2
13.
(pdftex.def)             Requested size: 234.87749pt x 352.31538pt.

LaTeX Warning: `h' float specifier changed to `ht'.




Package fancyhdr Warning: \headheight is too small (12.0pt): 
(fancyhdr)                Make it at least 13.59999pt, for example:
(fancyhdr)                \setlength{\headheight}{13.59999pt}.
(fancyhdr)                You might also make \topmargin smaller:
(fancyhdr)                \addtolength{\topmargin}{-1.59999pt}.

[5]
<../output/RawImage1_WB_1.pdf, id=224, 329.23pt x 195.73125pt>
File: ../output/RawImage1_WB_1.pdf Graphic file (type pdf)
<use ../output/RawImage1_WB_1.pdf>
Package pdftex.def Info: ../output/RawImage1_WB_1.pdf  used on input line 273.
(pdftex.def)             Requested size: 211.3883pt x 125.67673pt.
<../output/RawImage1_WB_2.pdf, id=225, 329.23pt x 195.73125pt>
File: ../output/RawImage1_WB_2.pdf Graphic file (type pdf)
<use ../output/RawImage1_WB_2.pdf>
Package pdftex.def Info: ../output/RawImage1_WB_2.pdf  used on input line 273.
(pdftex.def)             Requested size: 211.3883pt x 125.67673pt.
<../output/RawImage1_WB_3.pdf, id=226, 329.23pt x 195.73125pt>
File: ../output/RawImage1_WB_3.pdf Graphic file (type pdf)
<use ../output/RawImage1_WB_3.pdf>
Package pdftex.def Info: ../output/RawImage1_WB_3.pdf  used on input line 273.
(pdftex.def)             Requested size: 211.3883pt x 125.67673pt.
<../output/RawImage1_WB_4.pdf, id=227, 329.23pt x 195.73125pt>
File: ../output/RawImage1_WB_4.pdf Graphic file (type pdf)
<use ../output/RawImage1_WB_4.pdf>
Package pdftex.def Info: ../output/RawImage1_WB_4.pdf  used on input line 273.
(pdftex.def)             Requested size: 211.3883pt x 125.67673pt.


LaTeX Warning: `h' float specifier changed to `ht'.

<../output/RawImage2_WB_1.pdf, id=228, 329.23pt x 178.6675pt>
File: ../output/RawImage2_WB_1.pdf Graphic file (type pdf)
<use ../output/RawImage2_WB_1.pdf>
Package pdftex.def Info: ../output/RawImage2_WB_1.pdf  used on input line 307.
(pdftex.def)             Requested size: 211.3883pt x 114.72029pt.
<../output/RawImage2_WB_2.pdf, id=229, 329.23pt x 178.6675pt>
File: ../output/RawImage2_WB_2.pdf Graphic file (type pdf)
<use ../output/RawImage2_WB_2.pdf>
Package pdftex.def Info: ../output/RawImage2_WB_2.pdf  used on input line 307.
(pdftex.def)             Requested size: 211.3883pt x 114.72029pt.
<../output/RawImage2_WB_3.pdf, id=230, 329.23pt x 178.6675pt>
File: ../output/RawImage2_WB_3.pdf Graphic file (type pdf)
<use ../output/RawImage2_WB_3.pdf>
Package pdftex.def Info: ../output/RawImage2_WB_3.pdf  used on input line 307.
(pdftex.def)             Requested size: 211.3883pt x 114.72029pt.
<../output/RawImage2_WB_4.pdf, id=231, 329.23pt x 178.6675pt>
File: ../output/RawImage2_WB_4.pdf Graphic file (type pdf)
<use ../output/RawImage2_WB_4.pdf>
Package pdftex.def Info: ../output/RawImage2_WB_4.pdf  used on input line 307.
(pdftex.def)             Requested size: 211.3883pt x 114.72029pt.

LaTeX Warning: `h' float specifier changed to `ht'.

<../output/RawImage3_WB_1.pdf, id=232, 329.23pt x 196.735pt>
File: ../output/RawImage3_WB_1.pdf Graphic file (type pdf)
<use ../output/RawImage3_WB_1.pdf>
Package pdftex.def Info: ../output/RawImage3_WB_1.pdf  used on input line 341.
(pdftex.def)             Requested size: 211.3883pt x 126.32121pt.
<../output/RawImage3_WB_2.pdf, id=233, 329.23pt x 196.735pt>
File: ../output/RawImage3_WB_2.pdf Graphic file (type pdf)
<use ../output/RawImage3_WB_2.pdf>
Package pdftex.def Info: ../output/RawImage3_WB_2.pdf  used on input line 341.
(pdftex.def)             Requested size: 211.3883pt x 126.32121pt.
<../output/RawImage3_WB_3.pdf, id=234, 329.23pt x 196.735pt>
File: ../output/RawImage3_WB_3.pdf Graphic file (type pdf)
<use ../output/RawImage3_WB_3.pdf>
Package pdftex.def Info: ../output/RawImage3_WB_3.pdf  used on input line 341.
(pdftex.def)             Requested size: 211.3883pt x 126.32121pt.
<../output/RawImage3_WB_4.pdf, id=235, 329.23pt x 196.735pt>
File: ../output/RawImage3_WB_4.pdf Graphic file (type pdf)
<use ../output/RawImage3_WB_4.pdf>
Package pdftex.def Info: ../output/RawImage3_WB_4.pdf  used on input line 341.
(pdftex.def)             Requested size: 211.3883pt x 126.32121pt.

LaTeX Warning: `h' float specifier changed to `ht'.

<../output/RawImage1_Tone_gray_HistEq.pdf, id=236, 329.23pt x 195.73125pt>
File: ../output/RawImage1_Tone_gray_HistEq.pdf Graphic file (type pdf)
<use ../output/RawImage1_Tone_gray_HistEq.pdf>
Package pdftex.def Info: ../output/RawImage1_Tone_gray_HistEq.pdf  used on inpu
t line 422.
(pdftex.def)             Requested size: 211.3883pt x 125.67673pt.
<../output/RawImage1_Tone_gray_Gamma0.5.pdf, id=237, 329.23pt x 194.7275pt>
File: ../output/RawImage1_Tone_gray_Gamma0.5.pdf Graphic file (type pdf)
<use ../output/RawImage1_Tone_gray_Gamma0.5.pdf>
Package pdftex.def Info: ../output/RawImage1_Tone_gray_Gamma0.5.pdf  used on in
put line 422.
(pdftex.def)             Requested size: 211.3883pt x 125.03223pt.
File: ../output/RawImage1_Tone_gray_Gamma0.5.pdf Graphic file (type pdf)
<use ../output/RawImage1_Tone_gray_Gamma0.5.pdf>
Package pdftex.def Info: ../output/RawImage1_Tone_gray_Gamma0.5.pdf  used on in
put line 422.
(pdftex.def)             Requested size: 211.3883pt x 125.03223pt.
<../output/RawImage1_Tone_gray_Gamma0.9.pdf, id=238, 329.23pt x 194.7275pt>
File: ../output/RawImage1_Tone_gray_Gamma0.9.pdf Graphic file (type pdf)
<use ../output/RawImage1_Tone_gray_Gamma0.9.pdf>
Package pdftex.def Info: ../output/RawImage1_Tone_gray_Gamma0.9.pdf  used on in
put line 422.
(pdftex.def)             Requested size: 211.3883pt x 125.03223pt.
<../output/RawImage1_Tone_whitepatch_HistEq.pdf, id=239, 329.23pt x 195.73125pt
>
File: ../output/RawImage1_Tone_whitepatch_HistEq.pdf Graphic file (type pdf)
<use ../output/RawImage1_Tone_whitepatch_HistEq.pdf>
Package pdftex.def Info: ../output/RawImage1_Tone_whitepatch_HistEq.pdf  used o
n input line 422.
(pdftex.def)             Requested size: 211.3883pt x 125.67673pt.
<../output/RawImage1_Tone_whitepatch_Gamma0.5.pdf, id=240, 329.23pt x 195.73125
pt>
File: ../output/RawImage1_Tone_whitepatch_Gamma0.5.pdf Graphic file (type pdf)
<use ../output/RawImage1_Tone_whitepatch_Gamma0.5.pdf>
Package pdftex.def Info: ../output/RawImage1_Tone_whitepatch_Gamma0.5.pdf  used
 on input line 422.
(pdftex.def)             Requested size: 211.3883pt x 125.67673pt.
File: ../output/RawImage1_Tone_whitepatch_Gamma0.5.pdf Graphic file (type pdf)
<use ../output/RawImage1_Tone_whitepatch_Gamma0.5.pdf>
Package pdftex.def Info: ../output/RawImage1_Tone_whitepatch_Gamma0.5.pdf  used
 on input line 422.
(pdftex.def)             Requested size: 211.3883pt x 125.67673pt.
<../output/RawImage1_Tone_whitepatch_Gamma0.9.pdf, id=241, 329.23pt x 195.73125
pt>
File: ../output/RawImage1_Tone_whitepatch_Gamma0.9.pdf Graphic file (type pdf)
<use ../output/RawImage1_Tone_whitepatch_Gamma0.9.pdf>
Package pdftex.def Info: ../output/RawImage1_Tone_whitepatch_Gamma0.9.pdf  used
 on input line 422.
(pdftex.def)             Requested size: 211.3883pt x 125.67673pt.
<../output/RawImage1_Tone_neutral_HistEq.pdf, id=242, 329.23pt x 195.73125pt>
File: ../output/RawImage1_Tone_neutral_HistEq.pdf Graphic file (type pdf)
<use ../output/RawImage1_Tone_neutral_HistEq.pdf>
Package pdftex.def Info: ../output/RawImage1_Tone_neutral_HistEq.pdf  used on i
nput line 422.
(pdftex.def)             Requested size: 211.3883pt x 125.67673pt.
<../output/RawImage1_Tone_neutral_Gamma0.5.pdf, id=243, 329.23pt x 195.73125pt>

File: ../output/RawImage1_Tone_neutral_Gamma0.5.pdf Graphic file (type pdf)
<use ../output/RawImage1_Tone_neutral_Gamma0.5.pdf>
Package pdftex.def Info: ../output/RawImage1_Tone_neutral_Gamma0.5.pdf  used on
 input line 422.
(pdftex.def)             Requested size: 211.3883pt x 125.67673pt.
File: ../output/RawImage1_Tone_neutral_Gamma0.5.pdf Graphic file (type pdf)
<use ../output/RawImage1_Tone_neutral_Gamma0.5.pdf>
Package pdftex.def Info: ../output/RawImage1_Tone_neutral_Gamma0.5.pdf  used on
 input line 422.
(pdftex.def)             Requested size: 211.3883pt x 125.67673pt.
<../output/RawImage1_Tone_neutral_Gamma0.9.pdf, id=244, 329.23pt x 195.73125pt>

File: ../output/RawImage1_Tone_neutral_Gamma0.9.pdf Graphic file (type pdf)
<use ../output/RawImage1_Tone_neutral_Gamma0.9.pdf>
Package pdftex.def Info: ../output/RawImage1_Tone_neutral_Gamma0.9.pdf  used on
 input line 422.
(pdftex.def)             Requested size: 211.3883pt x 125.67673pt.

LaTeX Warning: `h' float specifier changed to `ht'.

<../output/RawImage2_Tone_gray_HistEq.pdf, id=245, 329.23pt x 178.6675pt>
File: ../output/RawImage2_Tone_gray_HistEq.pdf Graphic file (type pdf)
<use ../output/RawImage2_Tone_gray_HistEq.pdf>
Package pdftex.def Info: ../output/RawImage2_Tone_gray_HistEq.pdf  used on inpu
t line 503.
(pdftex.def)             Requested size: 211.3883pt x 114.72029pt.
<../output/RawImage2_Tone_gray_Gamma0.5.pdf, id=246, 329.23pt x 177.66376pt>
File: ../output/RawImage2_Tone_gray_Gamma0.5.pdf Graphic file (type pdf)
<use ../output/RawImage2_Tone_gray_Gamma0.5.pdf>
Package pdftex.def Info: ../output/RawImage2_Tone_gray_Gamma0.5.pdf  used on in
put line 503.
(pdftex.def)             Requested size: 211.3883pt x 114.0758pt.
File: ../output/RawImage2_Tone_gray_Gamma0.5.pdf Graphic file (type pdf)
<use ../output/RawImage2_Tone_gray_Gamma0.5.pdf>
Package pdftex.def Info: ../output/RawImage2_Tone_gray_Gamma0.5.pdf  used on in
put line 503.
(pdftex.def)             Requested size: 211.3883pt x 114.0758pt.
<../output/RawImage2_Tone_gray_Gamma0.9.pdf, id=247, 329.23pt x 177.66376pt>
File: ../output/RawImage2_Tone_gray_Gamma0.9.pdf Graphic file (type pdf)
<use ../output/RawImage2_Tone_gray_Gamma0.9.pdf>
Package pdftex.def Info: ../output/RawImage2_Tone_gray_Gamma0.9.pdf  used on in
put line 503.
(pdftex.def)             Requested size: 211.3883pt x 114.0758pt.
<../output/RawImage2_Tone_whitepatch_HistEq.pdf, id=248, 329.23pt x 178.6675pt>

File: ../output/RawImage2_Tone_whitepatch_HistEq.pdf Graphic file (type pdf)
<use ../output/RawImage2_Tone_whitepatch_HistEq.pdf>
Package pdftex.def Info: ../output/RawImage2_Tone_whitepatch_HistEq.pdf  used o
n input line 503.
(pdftex.def)             Requested size: 211.3883pt x 114.72029pt.
<../output/RawImage2_Tone_whitepatch_Gamma0.5.pdf, id=249, 329.23pt x 178.6675p
t>
File: ../output/RawImage2_Tone_whitepatch_Gamma0.5.pdf Graphic file (type pdf)
<use ../output/RawImage2_Tone_whitepatch_Gamma0.5.pdf>
Package pdftex.def Info: ../output/RawImage2_Tone_whitepatch_Gamma0.5.pdf  used
 on input line 503.
(pdftex.def)             Requested size: 211.3883pt x 114.72029pt.
File: ../output/RawImage2_Tone_whitepatch_Gamma0.5.pdf Graphic file (type pdf)
<use ../output/RawImage2_Tone_whitepatch_Gamma0.5.pdf>
Package pdftex.def Info: ../output/RawImage2_Tone_whitepatch_Gamma0.5.pdf  used
 on input line 503.
(pdftex.def)             Requested size: 211.3883pt x 114.72029pt.
<../output/RawImage2_Tone_whitepatch_Gamma0.9.pdf, id=250, 329.23pt x 178.6675p
t>
File: ../output/RawImage2_Tone_whitepatch_Gamma0.9.pdf Graphic file (type pdf)
<use ../output/RawImage2_Tone_whitepatch_Gamma0.9.pdf>
Package pdftex.def Info: ../output/RawImage2_Tone_whitepatch_Gamma0.9.pdf  used
 on input line 503.
(pdftex.def)             Requested size: 211.3883pt x 114.72029pt.
<../output/RawImage2_Tone_neutral_HistEq.pdf, id=251, 329.23pt x 178.6675pt>
File: ../output/RawImage2_Tone_neutral_HistEq.pdf Graphic file (type pdf)
<use ../output/RawImage2_Tone_neutral_HistEq.pdf>
Package pdftex.def Info: ../output/RawImage2_Tone_neutral_HistEq.pdf  used on i
nput line 503.
(pdftex.def)             Requested size: 211.3883pt x 114.72029pt.
<../output/RawImage2_Tone_neutral_Gamma0.5.pdf, id=252, 329.23pt x 178.6675pt>
File: ../output/RawImage2_Tone_neutral_Gamma0.5.pdf Graphic file (type pdf)
<use ../output/RawImage2_Tone_neutral_Gamma0.5.pdf>
Package pdftex.def Info: ../output/RawImage2_Tone_neutral_Gamma0.5.pdf  used on
 input line 503.
(pdftex.def)             Requested size: 211.3883pt x 114.72029pt.
File: ../output/RawImage2_Tone_neutral_Gamma0.5.pdf Graphic file (type pdf)
<use ../output/RawImage2_Tone_neutral_Gamma0.5.pdf>
Package pdftex.def Info: ../output/RawImage2_Tone_neutral_Gamma0.5.pdf  used on
 input line 503.
(pdftex.def)             Requested size: 211.3883pt x 114.72029pt.
<../output/RawImage2_Tone_neutral_Gamma0.9.pdf, id=253, 329.23pt x 178.6675pt>
File: ../output/RawImage2_Tone_neutral_Gamma0.9.pdf Graphic file (type pdf)
<use ../output/RawImage2_Tone_neutral_Gamma0.9.pdf>
Package pdftex.def Info: ../output/RawImage2_Tone_neutral_Gamma0.9.pdf  used on
 input line 503.
(pdftex.def)             Requested size: 211.3883pt x 114.72029pt.

LaTeX Warning: `h' float specifier changed to `ht'.

<../output/RawImage3_Tone_gray_HistEq.pdf, id=254, 329.23pt x 196.735pt>
File: ../output/RawImage3_Tone_gray_HistEq.pdf Graphic file (type pdf)
<use ../output/RawImage3_Tone_gray_HistEq.pdf>
Package pdftex.def Info: ../output/RawImage3_Tone_gray_HistEq.pdf  used on inpu
t line 584.
(pdftex.def)             Requested size: 211.3883pt x 126.32121pt.
<../output/RawImage3_Tone_gray_Gamma0.5.pdf, id=255, 329.23pt x 195.73125pt>
File: ../output/RawImage3_Tone_gray_Gamma0.5.pdf Graphic file (type pdf)
<use ../output/RawImage3_Tone_gray_Gamma0.5.pdf>
Package pdftex.def Info: ../output/RawImage3_Tone_gray_Gamma0.5.pdf  used on in
put line 584.
(pdftex.def)             Requested size: 211.3883pt x 125.67673pt.
File: ../output/RawImage3_Tone_gray_Gamma0.5.pdf Graphic file (type pdf)
<use ../output/RawImage3_Tone_gray_Gamma0.5.pdf>
Package pdftex.def Info: ../output/RawImage3_Tone_gray_Gamma0.5.pdf  used on in
put line 584.
(pdftex.def)             Requested size: 211.3883pt x 125.67673pt.
<../output/RawImage3_Tone_gray_Gamma0.9.pdf, id=256, 329.23pt x 195.73125pt>
File: ../output/RawImage3_Tone_gray_Gamma0.9.pdf Graphic file (type pdf)
<use ../output/RawImage3_Tone_gray_Gamma0.9.pdf>
Package pdftex.def Info: ../output/RawImage3_Tone_gray_Gamma0.9.pdf  used on in
put line 584.
(pdftex.def)             Requested size: 211.3883pt x 125.67673pt.
<../output/RawImage3_Tone_whitepatch_HistEq.pdf, id=257, 329.23pt x 196.735pt>
File: ../output/RawImage3_Tone_whitepatch_HistEq.pdf Graphic file (type pdf)
<use ../output/RawImage3_Tone_whitepatch_HistEq.pdf>
Package pdftex.def Info: ../output/RawImage3_Tone_whitepatch_HistEq.pdf  used o
n input line 584.
(pdftex.def)             Requested size: 211.3883pt x 126.32121pt.
<../output/RawImage3_Tone_whitepatch_Gamma0.5.pdf, id=258, 329.23pt x 196.735pt
>
File: ../output/RawImage3_Tone_whitepatch_Gamma0.5.pdf Graphic file (type pdf)
<use ../output/RawImage3_Tone_whitepatch_Gamma0.5.pdf>
Package pdftex.def Info: ../output/RawImage3_Tone_whitepatch_Gamma0.5.pdf  used
 on input line 584.
(pdftex.def)             Requested size: 211.3883pt x 126.32121pt.
File: ../output/RawImage3_Tone_whitepatch_Gamma0.5.pdf Graphic file (type pdf)
<use ../output/RawImage3_Tone_whitepatch_Gamma0.5.pdf>
Package pdftex.def Info: ../output/RawImage3_Tone_whitepatch_Gamma0.5.pdf  used
 on input line 584.
(pdftex.def)             Requested size: 211.3883pt x 126.32121pt.
<../output/RawImage3_Tone_whitepatch_Gamma0.9.pdf, id=259, 329.23pt x 196.735pt
>
File: ../output/RawImage3_Tone_whitepatch_Gamma0.9.pdf Graphic file (type pdf)
<use ../output/RawImage3_Tone_whitepatch_Gamma0.9.pdf>
Package pdftex.def Info: ../output/RawImage3_Tone_whitepatch_Gamma0.9.pdf  used
 on input line 584.
(pdftex.def)             Requested size: 211.3883pt x 126.32121pt.
<../output/RawImage3_Tone_neutral_HistEq.pdf, id=260, 329.23pt x 196.735pt>
File: ../output/RawImage3_Tone_neutral_HistEq.pdf Graphic file (type pdf)
<use ../output/RawImage3_Tone_neutral_HistEq.pdf>
Package pdftex.def Info: ../output/RawImage3_Tone_neutral_HistEq.pdf  used on i
nput line 584.
(pdftex.def)             Requested size: 211.3883pt x 126.32121pt.
<../output/RawImage3_Tone_neutral_Gamma0.5.pdf, id=261, 329.23pt x 196.735pt>
File: ../output/RawImage3_Tone_neutral_Gamma0.5.pdf Graphic file (type pdf)
<use ../output/RawImage3_Tone_neutral_Gamma0.5.pdf>
Package pdftex.def Info: ../output/RawImage3_Tone_neutral_Gamma0.5.pdf  used on
 input line 584.
(pdftex.def)             Requested size: 211.3883pt x 126.32121pt.
File: ../output/RawImage3_Tone_neutral_Gamma0.5.pdf Graphic file (type pdf)
<use ../output/RawImage3_Tone_neutral_Gamma0.5.pdf>
Package pdftex.def Info: ../output/RawImage3_Tone_neutral_Gamma0.5.pdf  used on
 input line 584.
(pdftex.def)             Requested size: 211.3883pt x 126.32121pt.
<../output/RawImage3_Tone_neutral_Gamma0.9.pdf, id=262, 329.23pt x 196.735pt>
File: ../output/RawImage3_Tone_neutral_Gamma0.9.pdf Graphic file (type pdf)
<use ../output/RawImage3_Tone_neutral_Gamma0.9.pdf>
Package pdftex.def Info: ../output/RawImage3_Tone_neutral_Gamma0.9.pdf  used on
 input line 584.
(pdftex.def)             Requested size: 211.3883pt x 126.32121pt.

LaTeX Warning: `h' float specifier changed to `ht'.




Package fancyhdr Warning: \headheight is too small (12.0pt): 
(fancyhdr)                Make it at least 13.59999pt, for example:
(fancyhdr)                \setlength{\headheight}{13.59999pt}.
(fancyhdr)                You might also make \topmargin smaller:
(fancyhdr)                \addtolength{\topmargin}{-1.59999pt}.

[6]


Package fancyhdr Warning: \headheight is too small (12.0pt): 
(fancyhdr)                Make it at least 13.59999pt, for example:
(fancyhdr)                \setlength{\headheight}{13.59999pt}.
(fancyhdr)                You might also make \topmargin smaller:
(fancyhdr)                \addtolength{\topmargin}{-1.59999pt}.

[7 <../output/2_R-channel_cubic.pdf> <../output/2_G-channel_cubic.pdf> <../outp
ut/2_B-channel_cubic.pdf> <../output/2_RGB_cubic.pdf>]


Package fancyhdr Warning: \headheight is too small (12.0pt): 
(fancyhdr)                Make it at least 13.59999pt, for example:
(fancyhdr)                \setlength{\headheight}{13.59999pt}.
(fancyhdr)                You might also make \topmargin smaller:
(fancyhdr)                \addtolength{\topmargin}{-1.59999pt}.

[8 <../output/2_RGB_cubic_median.pdf>]


Package fancyhdr Warning: \headheight is too small (12.0pt): 
(fancyhdr)                Make it at least 13.59999pt, for example:
(fancyhdr)                \setlength{\headheight}{13.59999pt}.
(fancyhdr)                You might also make \topmargin smaller:
(fancyhdr)                \addtolength{\topmargin}{-1.59999pt}.

[9 <../output/RawImage1_WB_1.pdf> <../output/RawImage1_WB_2.pdf> <../output/Raw
Image1_WB_3.pdf> <../output/RawImage1_WB_4.pdf> <../output/RawImage2_WB_1.pdf> 
<../output/RawImage2_WB_2.pdf> <../output/RawImage2_WB_3.pdf> <../output/RawIma
ge2_WB_4.pdf>]


Package fancyhdr Warning: \headheight is too small (12.0pt): 
(fancyhdr)                Make it at least 13.59999pt, for example:
(fancyhdr)                \setlength{\headheight}{13.59999pt}.
(fancyhdr)                You might also make \topmargin smaller:
(fancyhdr)                \addtolength{\topmargin}{-1.59999pt}.

[10 <../output/RawImage3_WB_1.pdf> <../output/RawImage3_WB_2.pdf> <../output/Ra
wImage3_WB_3.pdf> <../output/RawImage3_WB_4.pdf> <../output/RawImage1_Tone_gray
_HistEq.pdf> <../output/RawImage1_Tone_gray_Gamma0.5.pdf> <../output/RawImage1_
Tone_gray_Gamma0.9.pdf> <../output/RawImage1_Tone_whitepatch_HistEq.pdf> <../ou
tput/RawImage1_Tone_whitepatch_Gamma0.5.pdf> <../output/RawImage1_Tone_whitepat
ch_Gamma0.9.pdf> <../output/RawImage1_Tone_neutral_HistEq.pdf> <../output/RawIm
age1_Tone_neutral_Gamma0.5.pdf> <../output/RawImage1_Tone_neutral_Gamma0.9.pdf>
]


Package fancyhdr Warning: \headheight is too small (12.0pt): 
(fancyhdr)                Make it at least 13.59999pt, for example:
(fancyhdr)                \setlength{\headheight}{13.59999pt}.
(fancyhdr)                You might also make \topmargin smaller:
(fancyhdr)                \addtolength{\topmargin}{-1.59999pt}.

[11 <../output/RawImage2_Tone_gray_HistEq.pdf> <../output/RawImage2_Tone_gray_G
amma0.5.pdf> <../output/RawImage2_Tone_gray_Gamma0.9.pdf> <../output/RawImage2_
Tone_whitepatch_HistEq.pdf> <../output/RawImage2_Tone_whitepatch_Gamma0.5.pdf> 
<../output/RawImage2_Tone_whitepatch_Gamma0.9.pdf> <../output/RawImage2_Tone_ne
utral_HistEq.pdf> <../output/RawImage2_Tone_neutral_Gamma0.5.pdf> <../output/Ra
wImage2_Tone_neutral_Gamma0.9.pdf> <../output/RawImage3_Tone_gray_HistEq.pdf> <
../output/RawImage3_Tone_gray_Gamma0.5.pdf> <../output/RawImage3_Tone_gray_Gamm
a0.9.pdf> <../output/RawImage3_Tone_whitepatch_HistEq.pdf> <../output/RawImage3
_Tone_whitepatch_Gamma0.5.pdf> <../output/RawImage3_Tone_whitepatch_Gamma0.9.pd
f> <../output/RawImage3_Tone_neutral_HistEq.pdf> <../output/RawImage3_Tone_neut
ral_Gamma0.5.pdf> <../output/RawImage3_Tone_neutral_Gamma0.9.pdf>]

enddocument/afterlastpage (AED): lastpage setting LastPage.
(main.aux)
 ***********
LaTeX2e <2025-06-01>
L3 programming layer <2025-05-26>
 ***********
Package rerunfilecheck Info: File `main.out' has not changed.
(rerunfilecheck)             Checksum: D41D8CD98F00B204E9800998ECF8427E;0.
 ) 
Here is how much of TeX's memory you used:
 35729 strings out of 468225
 833911 string characters out of 5432973
 1394529 words of memory out of 5000000
 63639 multiletter control sequences out of 15000+600000
 634134 words of font info for 68 fonts, out of 8000000 for 9000
 1141 hyphenation exceptions out of 8191
 99i,16n,131p,719b,1026s stack positions out of 10000i,1000n,20000p,200000b,200000s
 <C:\Users\ritab\AppData\Local\MiKTeX\fonts/pk/ljfour/jknappen/ec/dpi600\tcrm
1095.pk><C:/Users/ritab/AppData/Local/Programs/MiKTeX/fonts/type1/public/amsfon
ts/cm/cmbx10.pfb><C:/Users/ritab/AppData/Local/Programs/MiKTeX/fonts/type1/publ
ic/amsfonts/cm/cmmi10.pfb><C:/Users/ritab/AppData/Local/Programs/MiKTeX/fonts/t
ype1/public/amsfonts/cm/cmr10.pfb><C:/Users/ritab/AppData/Local/Programs/MiKTeX
/fonts/type1/public/amsfonts/cm/cmr12.pfb><C:/Users/ritab/AppData/Local/Program
s/MiKTeX/fonts/type1/public/amsfonts/cm/cmr17.pfb><C:/Users/ritab/AppData/Local
/Programs/MiKTeX/fonts/type1/public/amsfonts/cm/cmsy10.pfb><C:/Users/ritab/AppD
ata/Local/Programs/MiKTeX/fonts/type1/public/amsfonts/cm/cmtt10.pfb>
Output written on main.pdf (11 pages, 5104877 bytes).
PDF statistics:
 916 PDF objects out of 1000 (max. 8388607)
 47 named destinations out of 1000 (max. 500000)
 278 words of extra memory for PDF output out of 10000 (max. 10000000)

